[2025-05-15 17:38:56] [Utilisateur: web_user_tnhh03imem8] [Étape: WebChat]
Message utilisateur: 👤 Évaluer mon profil
Réponse bot: Réponse non encore générée
---------------------------------------------
[2025-05-15 17:39:01] [Utilisateur: web_user_tnhh03imem8] [Étape: Introduction]
Message utilisateur: 👤 Évaluer mon profil
Réponse bot: Bonjour ! Je suis là pour vous aider à vous préparer pour vos entretiens d'embauche. Un entretien d'embauche, c'est une rencontre entre un candidat et un employeur pour discuter d'un poste à pourvoir. C'est l'occasion pour vous de montrer pourquoi vous êtes la bonne personne pour le poste et pour l'employeur de voir si vous correspondez bien à l'entreprise.

Avez-vous déjà passé des entretiens d'embauche auparavant ? N'hésitez pas à partager votre expérience avec moi, je suis là pour vous écouter et vous aider. 😊
---------------------------------------------
[2025-05-15 17:39:31] [Utilisateur: web_user_tnhh03imem8] [Étape: WebChat]
Message utilisateur: Non je n'ai jamais passsé d'entretien d'embauche
Réponse bot: Réponse non encore générée
---------------------------------------------
[2025-05-15 17:39:35] [Utilisateur: web_user_tnhh03imem8] [Étape: Introduction]
Message utilisateur: Non je n'ai jamais passsé d'entretien d'embauche
Réponse bot: Pas de souci, c'est tout à fait normal de ressentir de l'appréhension avant son premier entretien. Je suis là pour vous guider et vous préparer au mieux !

Pour commencer, il est important de bien comprendre ce que les recruteurs cherchent à savoir lors d'un entretien. Ils veulent généralement connaître vos compétences, votre motivation, et si vous vous intégrerez bien dans leur entreprise.

Une bonne préparation est la clé du succès. Cela inclut de bien connaître votre CV, d'avoir des exemples concrets de vos compétences et de votre expérience, et d'être prêt à répondre aux questions courantes comme "Parlez-moi de vous" ou "Quels sont vos points forts et vos faiblesses ?".

Avez-vous déjà réfléchi à la façon dont vous pourriez répondre à ces questions, ou avez-vous besoin d'aide pour cela ? 😊
---------------------------------------------
[2025-05-15 17:39:55] [Utilisateur: web_user_tnhh03imem8] [Étape: WebChat]
Message utilisateur: J'ai besoin d'aide
Réponse bot: Réponse non encore générée
---------------------------------------------
[2025-05-15 17:40:01] [Utilisateur: web_user_tnhh03imem8] [Étape: Introduction]
Message utilisateur: J'ai besoin d'aide
Réponse bot: Bien sûr, je suis là pour vous aider ! Commençons par une question courante : "Parlez-moi de vous." C'est souvent une question d'introduction qui permet au recruteur de mieux vous connaître. Voici une manière simple de structurer votre réponse :

1. **Présentez votre parcours** : Parlez brièvement de votre formation ou de votre expérience professionnelle pertinente. Par exemple, "J'ai récemment terminé mes études en [votre domaine] et j'ai acquis des compétences en [compétences pertinentes]."

2. **Mettez en avant vos compétences** : Mentionnez quelques compétences clés qui sont en lien avec le poste. Par exemple, "Je suis particulièrement à l'aise avec [compétences spécifiques] et je m'efforce toujours de [qualité ou objectif professionnel]."

3. **Parlez de votre motivation** : Expliquez pourquoi vous êtes intéressé par le poste et l'entreprise. Par exemple, "Je suis motivé par l'opportunité de [ce que vous espérez accomplir] chez [nom de l'entreprise], car je partage les mêmes valeurs en matière de [valeurs pertinentes]."

Voulez-vous essayer de formuler une réponse basée sur ces points ? Je suis là pour vous aider à la peaufiner si besoin ! 😊
---------------------------------------------
[2025-05-15 17:40:38] [Utilisateur: web_user_tnhh03imem8] [Étape: WebChat]
Message utilisateur: comment mettre en avant ses compétences ?
Réponse bot: Réponse non encore générée
---------------------------------------------
[2025-05-15 17:40:47] [Utilisateur: web_user_tnhh03imem8] [Étape: Introduction]
Message utilisateur: comment mettre en avant ses compétences ?
Réponse bot: Excellente question ! Mettre en avant ses compétences de manière claire et convaincante est essentiel pour impressionner lors d'un entretien. Voici quelques conseils pour vous aider :

1. **Identifiez vos compétences clés** : Réfléchissez aux compétences qui sont les plus pertinentes pour le poste que vous visez. Cela peut inclure des compétences techniques, comme la maîtrise d'un logiciel, ou des compétences personnelles, comme la communication ou le travail d'équipe.

2. **Utilisez des exemples concrets** : Illustrez vos compétences par des exemples précis de situations où vous les avez utilisées avec succès. Par exemple, "Lors de mon stage chez [nom de l'entreprise], j'ai utilisé [compétence] pour résoudre [problème ou situation], ce qui a conduit à [résultat positif]."

3. **Quantifiez vos réussites** : Si possible, ajoutez des chiffres pour donner du poids à vos réussites. Par exemple, "Grâce à mon sens de l'organisation, j'ai pu réduire le temps de traitement des commandes de 20 %."

4. **Reliez vos compétences au poste** : Expliquez comment vos compétences seront utiles dans le poste pour lequel vous postulez. Par exemple, "Mon expérience en [compétence] me permettra de contribuer efficacement à [objectif du poste]."

5. **Soyez confiant mais humble** : Présentez vos compétences avec assurance tout en restant humble. Montrez que vous êtes prêt à continuer à apprendre et à vous améliorer.

Voulez-vous que l'on travaille ensemble sur un exemple concret basé sur votre expérience ou vos compétences ? 😊
---------------------------------------------
[2025-05-15 18:11:50] [Utilisateur: web_user_g10zu6r0btw] [Étape: WebChat]
Message utilisateur: 👤 Évaluer mon profil
Réponse bot: Réponse non encore générée
---------------------------------------------
[2025-05-15 18:11:56] [Utilisateur: web_user_g10zu6r0btw] [Étape: Introduction]
Message utilisateur: 👤 Évaluer mon profil
Réponse bot: Bonjour ! Je suis ravi de faire votre connaissance. Je suis ici pour vous aider à vous préparer pour vos entretiens d'embauche. Un entretien d'embauche est une étape importante dans le processus de recherche d'emploi où vous avez l'occasion de rencontrer un employeur potentiel et de discuter de vos compétences et expériences pour un poste. C'est aussi l'occasion pour vous de voir si l'entreprise vous convient.

Avant de commencer, j'aimerais savoir si vous avez déjà passé des entretiens d'embauche auparavant ? Cela m'aidera à mieux comprendre votre expérience et à vous donner des conseils adaptés. N'hésitez pas à partager vos expériences, même si elles sont limitées, et je suis là pour vous soutenir à chaque étape !
---------------------------------------------
[2025-05-15 18:12:54] [Utilisateur: web_user_e0kzk5fjkqf] [Étape: WebChat]
Message utilisateur: 👤 Évaluer mon profil
Réponse bot: Réponse non encore générée
---------------------------------------------
[2025-05-15 18:12:57] [Utilisateur: web_user_e0kzk5fjkqf] [Étape: Introduction]
Message utilisateur: 👤 Évaluer mon profil
Réponse bot: Bonjour ! Je suis ravi de vous aider dans votre préparation aux entretiens d'embauche. Un entretien d'embauche est une rencontre importante où vous avez l'occasion de montrer à un employeur potentiel pourquoi vous êtes le bon candidat pour un poste. C'est aussi un moment pour vous de comprendre si l'entreprise et le poste vous conviennent.

Avez-vous déjà passé des entretiens auparavant ? Comment cela s'est-il passé pour vous ? N'hésitez pas à partager vos expériences, je suis là pour vous aider et vous conseiller au mieux.
---------------------------------------------
[2025-05-15 18:16:56] [Utilisateur: web_user_48r7eckifku] [Étape: WebChat]
Message utilisateur: Je n'ai jamais passé d'entretien d'embauche, aide moi à me préparer
Réponse bot: Réponse non encore générée
---------------------------------------------
[2025-05-15 18:17:01] [Utilisateur: web_user_48r7eckifku] [Étape: Introduction]
Message utilisateur: Je n'ai jamais passé d'entretien d'embauche, aide moi à me préparer
Réponse bot: Bonjour ! Je suis là pour t'aider à te préparer pour ton premier entretien d'embauche. C'est tout à fait normal de se sentir un peu nerveux, mais je suis là pour te guider étape par étape.

Un entretien d'embauche, c'est une rencontre avec un employeur potentiel où tu as l'occasion de montrer qui tu es, tes compétences et pourquoi tu serais un bon choix pour le poste. C'est aussi une chance pour toi de voir si le travail et l'entreprise te conviennent.

Je vais te donner des conseils pratiques et répondre à toutes tes questions. Commençons par le début : as-tu déjà une idée du type de poste que tu aimerais décrocher, ou as-tu des questions spécifiques sur comment te préparer ? Je suis là pour t'écouter et te soutenir !
---------------------------------------------
[2025-05-15 18:17:32] [Utilisateur: web_user_3ujq0ncmbzj] [Étape: WebChat]
Message utilisateur: 💬 Simuler un entretien
Réponse bot: Réponse non encore générée
---------------------------------------------
[2025-05-15 18:17:32] [Utilisateur: web_user_3ujq0ncmbzj] [TRANSITION]
De l'étape: MenuPrincipal
Vers l'étape: Simulation
---------------------------------------------
[2025-05-15 18:17:32] [Utilisateur: web_user_3ujq0ncmbzj] [Étape: Simulation]
Message utilisateur: 💬 Simuler un entretien
Réponse bot: C'est parti pour une simulation d'entretien ! Quel type de simulation souhaitez-vous ?
---------------------------------------------
[2025-05-15 18:18:32] [Utilisateur: web_user_3ujq0ncmbzj] [Étape: WebChat]
Message utilisateur: 🎮 Simulation par thème
Réponse bot: Réponse non encore générée
---------------------------------------------
[2025-05-15 18:18:36] [Utilisateur: web_user_3ujq0ncmbzj] [Étape: Simulation]
Message utilisateur: 🎮 Simulation par thème
Réponse bot: Bien sûr ! Choisissons un thème pour cette simulation d'entretien. Voici quelques options que nous pourrions explorer ensemble :

1. **Parler de son expérience passée**
2. **Discuter de ses motivations**
3. **Répondre à des questions sur ses compétences**
4. **Gérer les questions sur ses défauts et qualités**
5. **Négocier le salaire**

Quel thème souhaites-tu aborder en premier ?
---------------------------------------------
[2025-05-15 18:18:42] [Utilisateur: web_user_3ujq0ncmbzj] [Étape: WebChat]
Message utilisateur: ❓ Conseils généraux
Réponse bot: Réponse non encore générée
---------------------------------------------
[2025-05-15 18:18:49] [Utilisateur: web_user_3ujq0ncmbzj] [Étape: Simulation]
Message utilisateur: ❓ Conseils généraux
Réponse bot: Bien sûr ! Voici quelques conseils pour vous aider à réussir votre entretien d'embauche. 

1. **Préparation** : Avant l'entretien, renseignez-vous sur l'entreprise. Regardez leur site web pour comprendre ce qu'ils font, leurs valeurs et leur culture. Notez quelques points importants qui vous intéressent et que vous pourriez mentionner lors de l'entretien.

2. **Pratique** : Entraînez-vous à répondre à des questions courantes d'entretien comme "Parlez-moi de vous", "Quelles sont vos forces ?" ou "Pourquoi voulez-vous travailler ici ?". Essayez de répondre de manière claire et concise.

3. **Tenue Vestimentaire** : Choisissez des vêtements professionnels et confortables. Cela montre que vous prenez l'entretien au sérieux et que vous respectez l'entreprise.

4. **Ponctualité** : Arrivez à l'entretien avec 10 à 15 minutes d'avance. Cela vous donne le temps de vous détendre et de vous préparer mentalement.

5. **Communication** : Pendant l'entretien, écoutez attentivement les questions posées. Prenez quelques secondes pour réfléchir avant de répondre. Parlez clairement et regardez votre interlocuteur dans les yeux pour montrer votre confiance.

6. **Questions à Poser** : Préparez quelques questions à poser à la fin de l'entretien, comme "Quelle est la prochaine étape du processus de recrutement ?" ou "Quels sont les défis principaux pour ce poste ?". Cela montre votre intérêt pour le poste et l'entreprise.

7. **Suivi** : Après l'entretien, envoyez un email de remerciement dans les 24 heures. Remerciez-les pour l'opportunité et répétez votre intérêt pour le poste.

En suivant ces conseils, vous allez mettre toutes les chances de votre côté pour réussir votre entretien d'embauche. Bonne chance !
---------------------------------------------
[2025-05-15 18:21:45] [Utilisateur: web_user_3ujq0ncmbzj] [Étape: WebChat]
Message utilisateur: 🏠 Retour au menu principal
Réponse bot: Réponse non encore générée
---------------------------------------------
[2025-05-15 18:21:48] [Utilisateur: web_user_3ujq0ncmbzj] [Étape: Simulation]
Message utilisateur: 🏠 Retour au menu principal
Réponse bot: Bien sûr, revenons au menu principal. Voici les options que nous avons :

1. **Simuler un entretien**
2. **Obtenir des conseils pour un entretien**
3. **Explorer des questions courantes d'entretien**
4. **En savoir plus sur la préparation avant l'entretien**

Que souhaites-tu faire ensuite ?
---------------------------------------------
[2025-05-15 18:22:02] [Utilisateur: web_user_simr74zbkwg] [Étape: WebChat]
Message utilisateur: 👤 Évaluer mon profil
Réponse bot: Réponse non encore générée
---------------------------------------------
[2025-05-15 18:22:05] [Utilisateur: web_user_simr74zbkwg] [Étape: Introduction]
Message utilisateur: 👤 Évaluer mon profil
Réponse bot: Bonjour et bienvenue ! Je suis ici pour vous aider à vous préparer pour vos entretiens d'embauche et vous donner des conseils pour réussir. Un entretien d'embauche, c'est une rencontre entre vous et un employeur potentiel, où vous aurez l'occasion de parler de vous, de vos expériences et de ce que vous pouvez apporter à l'entreprise.

Ne vous inquiétez pas si vous avez peu d'expérience ou si vous trouvez cela intimidant. Nous sommes ici pour rendre cela plus facile et agréable pour vous. Avez-vous déjà passé des entretiens d'embauche auparavant ? Si oui, comment cela s'est-il passé ? Si non, c'est tout à fait normal et nous allons vous préparer ensemble !
---------------------------------------------
