[2025-05-17 22:07:07] [Utilisateur: web_user_h2ngnpo7xcf] [Étape: WebChat]
Message utilisateur: 📋 Commencer la préparation
Réponse bot: Réponse non encore générée
---------------------------------------------
[2025-05-17 22:07:08] [Utilisateur: web_user_h2ngnpo7xcf] [TRANSITION]
De l'étape: MenuPrincipal
Vers l'étape: Preparation
---------------------------------------------
[2025-05-17 22:07:09] [Utilisateur: web_user_h2ngnpo7xcf] [Étape: Preparation]
Message utilisateur: 📋 Commencer la préparation
Réponse bot: Préparons-nous pour votre entretien ! Voici quelques options pour vous aider :
---------------------------------------------
[2025-05-17 22:07:24] [Utilisateur: web_user_h2ngnpo7xcf] [Étape: WebChat]
Message utilisateur: 🏠 Retour au menu principal
Réponse bot: Réponse non encore générée
---------------------------------------------
[2025-05-17 22:07:33] [Utilisateur: web_user_h2ngnpo7xcf] [Étape: Preparation]
Message utilisateur: 🏠 Retour au menu principal
Réponse bot: Bien sûr, revenons aux informations principales sur la préparation des entretiens d'embauche. Voici quelques étapes clés à suivre pour vous préparer efficacement :

1. **Rechercher l'Entreprise** : Avant l'entretien, renseignez-vous sur l'entreprise. Visitez leur site web, lisez des articles récents à leur sujet et comprenez leur mission, leurs valeurs et leurs produits ou services. Cela vous permettra de montrer que vous êtes intéressé et informé lors de l'entretien.

2. **Préparer ses Réponses** : Réfléchissez aux questions courantes que les recruteurs posent, comme « Parlez-moi de vous » ou « Quels sont vos points forts et vos faiblesses ? ». Préparez des réponses précises et positives en utilisant des exemples concrets de votre expérience.

3. **Questions à Poser** : Préparez quelques questions à poser à l'employeur. Cela montre que vous êtes intéressé par le poste et l'entreprise. Par exemple, vous pourriez demander : « Quelles sont les opportunités de développement professionnel ici ? » ou « Pouvez-vous me parler de l'équipe avec laquelle je travaillerais ? ».

4. **Pratiquer l'Entretien** : Entraînez-vous avec un ami ou un conseiller en emploi. Cela vous aidera à gagner en confiance et à améliorer votre communication.

5. **Planifier le Jour J** : Choisissez une tenue professionnelle et assurez-vous de connaître le trajet pour arriver à l'heure. Si l'entretien est en ligne, vérifiez votre connexion Internet et l'environnement de votre appel.

Ces étapes vous aideront à vous sentir prêt et confiant pour votre entretien. N'oubliez pas que chaque entretien est une opportunité d'apprendre et de s'améliorer. Avez-vous des questions spécifiques sur l'une de ces étapes ?
---------------------------------------------
[2025-05-17 22:08:02] [Utilisateur: web_user_0i1j18gh5iud] [Étape: WebChat]
Message utilisateur: 💬 Simuler un entretien
Réponse bot: Réponse non encore générée
---------------------------------------------
[2025-05-17 22:08:02] [Utilisateur: web_user_0i1j18gh5iud] [TRANSITION]
De l'étape: MenuPrincipal
Vers l'étape: Simulation
---------------------------------------------
[2025-05-17 22:08:02] [Utilisateur: web_user_0i1j18gh5iud] [Étape: Simulation]
Message utilisateur: 💬 Simuler un entretien
Réponse bot: C'est parti pour une simulation d'entretien ! Quel type de simulation souhaitez-vous ?
---------------------------------------------
[2025-05-17 22:08:08] [Utilisateur: web_user_0i1j18gh5iud] [Étape: WebChat]
Message utilisateur: 🎮 Simulation par thème
Réponse bot: Réponse non encore générée
---------------------------------------------
[2025-05-17 22:08:10] [Utilisateur: web_user_0i1j18gh5iud] [Étape: Simulation]
Message utilisateur: 🎮 Simulation par thème
Réponse bot: Je suis prêt à vous aider avec une simulation d'entretien! Pour commencer, pourriez-vous me dire quel secteur ou type de poste vous intéresse particulièrement? Cela m'aidera à adapter les questions. Si vous n'êtes pas sûr, nous pouvons également commencer par des questions générales pour un poste de débutant.
---------------------------------------------
[2025-05-17 22:08:59] [Utilisateur: web_user_7dkgi7yakbj] [Étape: WebChat]
Message utilisateur: 💬 Simuler un entretien
Réponse bot: Réponse non encore générée
---------------------------------------------
[2025-05-17 22:08:59] [Utilisateur: web_user_7dkgi7yakbj] [TRANSITION]
De l'étape: MenuPrincipal
Vers l'étape: Simulation
---------------------------------------------
[2025-05-17 22:08:59] [Utilisateur: web_user_7dkgi7yakbj] [Étape: Simulation]
Message utilisateur: 💬 Simuler un entretien
Réponse bot: C'est parti pour une simulation d'entretien ! Quel type de simulation souhaitez-vous ?
---------------------------------------------
[2025-05-17 22:09:05] [Utilisateur: web_user_7dkgi7yakbj] [Étape: WebChat]
Message utilisateur: ⏳ Simulation complète (15-20 min)
Réponse bot: Réponse non encore générée
---------------------------------------------
[2025-05-17 22:09:07] [Utilisateur: web_user_7dkgi7yakbj] [Étape: Simulation]
Message utilisateur: ⏳ Simulation complète (15-20 min)
Réponse bot: Bien sûr, nous allons simuler un entretien complet. Je vais vous poser une série de questions que vous pourriez rencontrer lors d'un entretien d'embauche. Prenez votre temps pour répondre, et je vous donnerai un retour constructif après chaque réponse. 

Commençons par une question classique :

**Question 1 :** Pouvez-vous me parler de vous et de votre parcours professionnel jusqu'à présent ?
---------------------------------------------
[2025-05-17 22:09:53] [Utilisateur: web_user_hz5auscr1de] [Étape: WebChat]
Message utilisateur: 💬 Simuler un entretien
Réponse bot: Réponse non encore générée
---------------------------------------------
[2025-05-17 22:09:53] [Utilisateur: web_user_hz5auscr1de] [TRANSITION]
De l'étape: MenuPrincipal
Vers l'étape: Simulation
---------------------------------------------
[2025-05-17 22:09:53] [Utilisateur: web_user_hz5auscr1de] [Étape: Simulation]
Message utilisateur: 💬 Simuler un entretien
Réponse bot: C'est parti pour une simulation d'entretien ! Quel type de simulation souhaitez-vous ?
---------------------------------------------
[2025-05-17 22:09:55] [Utilisateur: web_user_hz5auscr1de] [Étape: WebChat]
Message utilisateur: 🎮 Simulation par thème
Réponse bot: Réponse non encore générée
---------------------------------------------
[2025-05-17 22:09:58] [Utilisateur: web_user_hz5auscr1de] [Étape: Simulation]
Message utilisateur: 🎮 Simulation par thème
Réponse bot: D'accord, choisissons un thème pour notre simulation d'entretien. Voici quelques thèmes possibles :

1. **Parlez-moi de vous** : Se présenter et parler de son parcours.
2. **Expérience professionnelle** : Discuter de ses expériences passées.
3. **Motivations** : Expliquer pourquoi vous postulez à ce poste.
4. **Compétences et qualités** : Mettre en avant vos forces.
5. **Défauts et axes d'amélioration** : Parler de vos points faibles.
6. **Questions sur l'entreprise** : Montrer votre intérêt pour l'entreprise.
7. **Prétentions salariales** : Discuter de vos attentes en matière de rémunération.

Lequel de ces thèmes aimeriez-vous explorer en premier ? Si vous avez un autre thème en tête, n'hésitez pas à le mentionner !
---------------------------------------------
[2025-05-17 22:11:03] [Utilisateur: web_user_hz5auscr1de] [Étape: WebChat]
Message utilisateur: Je suis une femme de 50 ans et je postule pour un job de réceptionniste dans un hôtel. Je n'ai malheureusement aucune expérience dessus
Réponse bot: Réponse non encore générée
---------------------------------------------
[2025-05-17 22:11:05] [Utilisateur: web_user_hz5auscr1de] [Étape: Simulation]
Message utilisateur: Je suis une femme de 50 ans et je postule pour un job de réceptionniste dans un hôtel. Je n'ai malheureusement aucune expérience dessus
Réponse bot: Merci pour ces précisions. Commençons par une question sur vos motivations, qui est essentielle pour montrer votre intérêt pour le poste même sans expérience directe.

**Question :** "Pouvez-vous me dire pourquoi vous êtes intéressée par le poste de réceptionniste dans notre hôtel ?"

Prenez un moment pour réfléchir à votre réponse. Vous pouvez parler de ce qui vous attire dans le métier de réceptionniste, de vos compétences transférables, ou de votre passion pour l'accueil et le contact avec les clients. N'hésitez pas à mentionner tout ce qui vous enthousiasme dans ce nouveau défi.
---------------------------------------------
[2025-05-17 23:18:15] [Utilisateur: web_user_q1dwv0i1si] [Étape: WebChat]
Message utilisateur: 💬 Simuler un entretien
Réponse bot: Réponse non encore générée
---------------------------------------------
[2025-05-17 23:18:15] [Utilisateur: web_user_q1dwv0i1si] [TRANSITION]
De l'étape: MenuPrincipal
Vers l'étape: Simulation
---------------------------------------------
[2025-05-17 23:18:15] [Utilisateur: web_user_q1dwv0i1si] [Étape: Simulation]
Message utilisateur: 💬 Simuler un entretien
Réponse bot: C'est parti pour une simulation d'entretien ! Quel type de simulation souhaitez-vous ?
---------------------------------------------
[2025-05-17 23:18:17] [Utilisateur: web_user_q1dwv0i1si] [Étape: WebChat]
Message utilisateur: 🎮 Simulation par thème
Réponse bot: Réponse non encore générée
---------------------------------------------
[2025-05-17 23:18:20] [Utilisateur: web_user_q1dwv0i1si] [Étape: Simulation]
Message utilisateur: 🎮 Simulation par thème
Réponse bot: Bien sûr! Puisque tu n'as pas spécifié de secteur particulier, je vais poser des questions générales qui pourraient être posées dans de nombreux types d'entretiens. Prends ton temps pour répondre, et souviens-toi qu'il n'y a pas de mauvaises réponses ici – c'est une chance d'apprendre et de s'améliorer. 

Voici la première question :

**"Parlez-moi un peu de vous et de votre parcours."**

Quand tu es prêt, partage ta réponse! 😊
---------------------------------------------
[2025-05-17 23:18:30] [Utilisateur: web_user_q1dwv0i1si] [Étape: WebChat]
Message utilisateur: Je suis une femme de 50 ans et je postule pour un job de réceptionniste dans un hôtel. Je n'ai malheureusement aucune expérience dessus
Réponse bot: Réponse non encore générée
---------------------------------------------
[2025-05-17 23:18:34] [Utilisateur: web_user_q1dwv0i1si] [Étape: Simulation]
Message utilisateur: Je suis une femme de 50 ans et je postule pour un job de réceptionniste dans un hôtel. Je n'ai malheureusement aucune expérience dessus
Réponse bot: Merci pour ces informations! C'est un excellent point de départ. Même si tu n'as pas d'expérience directe en tant que réceptionniste, tu peux mettre en avant d'autres compétences et expériences qui te rendent apte pour ce poste. 

Voici comment tu pourrais répondre :

**"Je suis une femme de 50 ans avec une riche expérience de vie et une grande capacité d'adaptation. Bien que je n'aie pas encore travaillé directement comme réceptionniste, j'ai développé d'excellentes compétences en communication et en service à la clientèle dans mes précédents emplois. Je suis particulièrement douée pour créer des relations positives avec les gens et résoudre les problèmes avec calme et efficacité. Je suis très motivée à apprendre et à m'investir dans ce nouveau rôle, et je suis certaine que ma maturité et mon sens de l'organisation seront des atouts précieux pour votre hôtel."**

Qu'en penses-tu? Est-ce que cela reflète ce que tu aimerais dire, ou y a-t-il d'autres éléments que tu souhaites ajouter? 😊
---------------------------------------------
[2025-05-17 23:49:45] [Utilisateur: web_user_u09n4pu00q] [Étape: WebChat]
Message utilisateur: 💬 Simuler un entretien
Réponse bot: Réponse non encore générée
---------------------------------------------
[2025-05-17 23:49:46] [Utilisateur: web_user_u09n4pu00q] [TRANSITION]
De l'étape: MenuPrincipal
Vers l'étape: Simulation
---------------------------------------------
[2025-05-17 23:49:46] [Utilisateur: web_user_u09n4pu00q] [Étape: Simulation]
Message utilisateur: 💬 Simuler un entretien
Réponse bot: C'est parti pour une simulation d'entretien ! Quel type de simulation souhaitez-vous ?
---------------------------------------------
[2025-05-17 23:50:54] [Utilisateur: web_user_s0v84hpcrj] [Étape: WebChat]
Message utilisateur: 💬 Simuler un entretien
Réponse bot: Réponse non encore générée
---------------------------------------------
[2025-05-17 23:50:55] [Utilisateur: web_user_s0v84hpcrj] [TRANSITION]
De l'étape: MenuPrincipal
Vers l'étape: Simulation
---------------------------------------------
[2025-05-17 23:50:55] [Utilisateur: web_user_s0v84hpcrj] [Étape: Simulation]
Message utilisateur: 💬 Simuler un entretien
Réponse bot: C'est parti pour une simulation d'entretien ! Quel type de simulation souhaitez-vous ?
---------------------------------------------
[2025-05-17 23:50:59] [Utilisateur: web_user_s0v84hpcrj] [Étape: WebChat]
Message utilisateur: 🎮 Simulation par thème
Réponse bot: Réponse non encore générée
---------------------------------------------
[2025-05-17 23:51:02] [Utilisateur: web_user_s0v84hpcrj] [Étape: Simulation]
Message utilisateur: 🎮 Simulation par thème
Réponse bot: Commençons par une simulation d'entretien ! Comme tu n'as pas spécifié de secteur, je vais poser des questions générales qui pourraient être posées dans n'importe quel domaine. Prêt ? Voici la première question :

**Question :** Peux-tu me parler un peu de toi et de ton parcours jusqu'à présent ?

Prends ton temps pour répondre. 😊
---------------------------------------------
[2025-05-17 23:51:15] [Utilisateur: web_user_s0v84hpcrj] [Étape: WebChat]
Message utilisateur: Je suis une femme de 50 ans et je postule pour un job de réceptionniste dans un hôtel. Je n'ai malheureusement aucune expérience dessus
Réponse bot: Réponse non encore générée
---------------------------------------------
[2025-05-17 23:51:19] [Utilisateur: web_user_s0v84hpcrj] [Étape: Simulation]
Message utilisateur: Je suis une femme de 50 ans et je postule pour un job de réceptionniste dans un hôtel. Je n'ai malheureusement aucune expérience dessus
Réponse bot: Merci pour ces informations ! Ne t'inquiète pas si tu n'as pas d'expérience directe en tant que réceptionniste. On peut mettre en avant d'autres compétences et expériences qui peuvent être transférables. Essayons de répondre à la question avec cela en tête.

**Réponse suggérée :** 

"Bonjour ! Je suis passionnée par le service à la clientèle et j'ai hâte de mettre cette passion au service de votre hôtel. Bien que je n'aie pas d'expérience directe en tant que réceptionniste, j'ai passé plusieurs années à travailler dans [mentionner un secteur ou un rôle précédent, par ex. : la vente ou l'administration]. Cela m'a permis de développer d'excellentes compétences en communication et en gestion de tâches multiples. J'ai toujours aimé créer des expériences positives pour les clients et je suis très motivée à apprendre rapidement et à m'adapter à ce nouveau rôle."

Qu'en penses-tu ? Est-ce que cela te semble refléter ton parcours et tes motivations ? 😊
---------------------------------------------
[2025-05-17 23:53:07] [Utilisateur: web_user_iflrtnk0fcn] [Étape: WebChat]
Message utilisateur: 💬 Simuler un entretien
Réponse bot: Réponse non encore générée
---------------------------------------------
[2025-05-17 23:53:08] [Utilisateur: web_user_iflrtnk0fcn] [TRANSITION]
De l'étape: MenuPrincipal
Vers l'étape: Simulation
---------------------------------------------
[2025-05-17 23:53:08] [Utilisateur: web_user_iflrtnk0fcn] [Étape: Simulation]
Message utilisateur: 💬 Simuler un entretien
Réponse bot: C'est parti pour une simulation d'entretien ! Quel type de simulation souhaitez-vous ?
---------------------------------------------
[2025-05-17 23:53:14] [Utilisateur: web_user_iflrtnk0fcn] [Étape: WebChat]
Message utilisateur: 🎮 Simulation par thème
Réponse bot: Réponse non encore générée
---------------------------------------------
[2025-05-17 23:53:19] [Utilisateur: web_user_iflrtnk0fcn] [Étape: Simulation]
Message utilisateur: 🎮 Simulation par thème
Réponse bot: D'accord, choisissons un thème pour notre simulation d'entretien. Voici quelques suggestions :

1. **Présentation personnelle** : Parlez-moi de vous.
2. **Expérience professionnelle** : Partagez une expérience professionnelle pertinente.
3. **Motivation** : Pourquoi voulez-vous ce poste ?
4. **Compétences** : Quelles sont vos principales compétences ?
5. **Défauts et qualités** : Quels sont vos défauts et qualités ?
6. **Situation difficile** : Décrivez une situation difficile que vous avez gérée.

Quel thème aimeriez-vous explorer en premier ?
---------------------------------------------
[2025-05-17 23:53:34] [Utilisateur: web_user_iflrtnk0fcn] [Étape: WebChat]
Message utilisateur: Je suis une femme de 50 ans et je postule pour un job de réceptionniste dans un hôtel. Je n'ai malheureusement aucune expérience dessus
Réponse bot: Réponse non encore générée
---------------------------------------------
[2025-05-17 23:53:37] [Utilisateur: web_user_iflrtnk0fcn] [Étape: Simulation]
Message utilisateur: Je suis une femme de 50 ans et je postule pour un job de réceptionniste dans un hôtel. Je n'ai malheureusement aucune expérience dessus
Réponse bot: Merci pour ces précisions. Commençons par une question courante pour un poste de réceptionniste. Ne vous inquiétez pas pour le manque d'expérience ; nous allons explorer comment mettre en valeur vos atouts. Voici la première question :

**"Parlez-moi de vous et de ce qui vous motive à postuler pour ce poste de réceptionniste."**

Prenez votre temps pour réfléchir, et n'hésitez pas à parler de vos compétences transférables, de votre motivation, et de tout ce qui vous rend unique pour ce poste.
---------------------------------------------
[2025-05-17 23:54:16] [Utilisateur: web_user_iflrtnk0fcn] [Étape: WebChat]
Message utilisateur: J'apprécie le fait de converser avec les clients
Réponse bot: Réponse non encore générée
---------------------------------------------
[2025-05-17 23:54:19] [Utilisateur: web_user_iflrtnk0fcn] [Étape: Simulation]
Message utilisateur: J'apprécie le fait de converser avec les clients
Réponse bot: C'est un excellent point de départ ! En tant que réceptionniste, le contact avec les clients est essentiel. Voici comment vous pourriez développer votre réponse :

"J'apprécie énormément le fait de converser avec les clients, et je crois que cela est essentiel pour un poste de réceptionniste. J'ai toujours eu un bon relationnel, que ce soit dans ma vie personnelle ou dans mes expériences professionnelles passées. J'aime créer un environnement accueillant et chaleureux, ce qui, je pense, est crucial dans un hôtel pour laisser une bonne première impression. De plus, j'ai une grande capacité d'écoute, ce qui me permet de comprendre les besoins des clients et de répondre à leurs attentes efficacement. Même si je n'ai pas d'expérience directe en tant que réceptionniste, je suis enthousiaste à l'idée d'apprendre et de m'adapter rapidement."

Qu'en pensez-vous ? Y a-t-il d'autres aspects de votre personnalité ou de votre expérience que vous aimeriez ajouter ?
---------------------------------------------
